This is pdfTeX, Version 3.141592653-2.6-1.40.28 (MiKTeX 25.12) (preloaded format=pdflatex 2026.4.8)  4 MAY 2026 21:36
entering extended mode
 restricted \write18 enabled.
 file:line:error style messages enabled.
 %&-line parsing enabled.
**c:/Users/Jackson/Documents/GitHub/Eigen-Face-Recognition/report/report.tex
(c:/Users/Jackson/Documents/GitHub/Eigen-Face-Recognition/report/report.tex
LaTeX2e <2025-11-01>
L3 programming layer <2025-12-24>
(C:\Users\Jackson\AppData\Local\Programs\MiKTeX\tex/latex/base\article.cls
Document Class: article 2025/01/22 v1.4n Standard LaTeX document class
(C:\Users\Jackson\AppData\Local\Programs\MiKTeX\tex/latex/base\size10.clo
File: size10.clo 2025/01/22 v1.4n Standard LaTeX file (size option)
)
\c@part=\count275
\c@section=\count276
\c@subsection=\count277
\c@subsubsection=\count278
\c@paragraph=\count279
\c@subparagraph=\count280
\c@figure=\count281
\c@table=\count282
\abovecaptionskip=\skip49
\belowcaptionskip=\skip50
\bibindent=\dimen148
) (C:\Users\Jackson\AppData\Local\Programs\MiKTeX\tex/latex/geometry\geometry.sty
Package: geometry 2026/03/07 v6.0 Page Geometry
 (C:\Users\Jackson\AppData\Local\Programs\MiKTeX\tex/latex/graphics\keyval.sty
Package: keyval 2022/05/29 v1.15 key=value parser (DPC)
\KV@toks@=\toks17
) (C:\Users\Jackson\AppData\Local\Programs\MiKTeX\tex/generic/iftex\ifvtex.sty
Package: ifvtex 2019/10/25 v1.7 ifvtex legacy package. Use iftex instead.
 (C:\Users\Jackson\AppData\Local\Programs\MiKTeX\tex/generic/iftex\iftex.sty
Package: iftex 2024/12/12 v1.0g TeX engine tests
))
\Gm@cnth=\count283
\Gm@cntv=\count284
\c@Gm@tempcnt=\count285
\Gm@bindingoffset=\dimen149
\Gm@wd@mp=\dimen150
\Gm@odd@mp=\dimen151
\Gm@even@mp=\dimen152
\Gm@layoutwidth=\dimen153
\Gm@layoutheight=\dimen154
\Gm@layouthoffset=\dimen155
\Gm@layoutvoffset=\dimen156
\Gm@dimlist=\toks18
 (C:\Users\Jackson\AppData\Local\Programs\MiKTeX\tex/latex/geometry\geometry.cfg)) (C:\Users\Jackson\AppData\Local\Programs\MiKTeX\tex/latex/base\inputenc.sty
Package: inputenc 2024/02/08 v1.3d Input encoding file
\inpenc@prehook=\toks19
\inpenc@posthook=\toks20
) (C:\Users\Jackson\AppData\Local\Programs\MiKTeX\tex/latex/base\fontenc.sty
Package: fontenc 2025/07/18 v2.1d Standard LaTeX package
) (C:\Users\Jackson\AppData\Local\Programs\MiKTeX\tex/generic/babel\babel.sty
Package: babel 2025/12/11 v25.17 The multilingual framework for LuaLaTeX, pdfLaTeX and XeLaTeX
\babel@savecnt=\count286
LaTeX Encoding Info:    Redeclaring text command \ij (encoding OT1) on input line 2068.
LaTeX Encoding Info:    Redeclaring text command \IJ (encoding OT1) on input line 2070.
LaTeX Encoding Info:    Redeclaring text command \ij (encoding T1) on input line 2072.
LaTeX Encoding Info:    Redeclaring text command \IJ (encoding T1) on input line 2073.
LaTeX Encoding Info:    Ignoring declaration for text command \ij (encoding ?) on input line 2074.
LaTeX Encoding Info:    Ignoring declaration for text command \IJ (encoding ?) on input line 2076.
LaTeX Encoding Info:    Ignoring declaration for text command \SS (encoding ?) on input line 2101.
\U@D=\dimen157
\l@unhyphenated=\language79
 (C:\Users\Jackson\AppData\Local\Programs\MiKTeX\tex/generic/babel\txtbabel.def)
\bbl@readstream=\read2
\bbl@dirlevel=\count287
Package babel Info: Configuration files are deprecated, as
(babel)             they can break document portability.
(babel)             Reported on input line 4196.

*************************************
* Local config file bblopts.cfg used
*
(C:\Users\Jackson\AppData\Local\Programs\MiKTeX\tex/latex/arabi\bblopts.cfg
File: bblopts.cfg 2005/09/08 v0.1 add Arabic and Farsi to "declared" options of babel
) (C:\Users\Jackson\AppData\Local\Programs\MiKTeX\tex/generic/babel/locale/en\babel-english.tex)
Package babel Info: Importing font and identification data for english
(babel)             from babel-en.ini. Reported on input line 4320.
 (C:\Users\Jackson\AppData\Local\Programs\MiKTeX\tex/latex/babel-english\english.ldf
Language: english 2017/06/06 v3.3r English support from the babel system
Package babel Info: Hyphen rules for 'canadian' set to \l@english
(babel)             (\language0). Reported on input line 102.
Package babel Info: Hyphen rules for 'australian' set to \l@ukenglish
(babel)             (\language73). Reported on input line 105.
Package babel Info: Hyphen rules for 'newzealand' set to \l@ukenglish
(babel)             (\language73). Reported on input line 108.
)) (C:\Users\Jackson\AppData\Local\Programs\MiKTeX\tex/latex/graphics\graphicx.sty
Package: graphicx 2024/12/31 v1.2e Enhanced LaTeX Graphics (DPC,SPQR)
 (C:\Users\Jackson\AppData\Local\Programs\MiKTeX\tex/latex/graphics\graphics.sty
Package: graphics 2024/08/06 v1.4g Standard LaTeX Graphics (DPC,SPQR)
 (C:\Users\Jackson\AppData\Local\Programs\MiKTeX\tex/latex/graphics\trig.sty
Package: trig 2023/12/02 v1.11 sin cos tan (DPC)
) (C:\Users\Jackson\AppData\Local\Programs\MiKTeX\tex/latex/graphics-cfg\graphics.cfg
File: graphics.cfg 2016/06/04 v1.11 sample graphics configuration
)
Package graphics Info: Driver file: pdftex.def on input line 106.
 (C:\Users\Jackson\AppData\Local\Programs\MiKTeX\tex/latex/graphics-def\pdftex.def
File: pdftex.def 2025/09/29 v1.2d Graphics/color driver for pdftex
))
\Gin@req@height=\dimen158
\Gin@req@width=\dimen159
) (C:\Users\Jackson\AppData\Local\Programs\MiKTeX\tex/latex/psnfss\helvet.sty
Package: helvet 2020/03/25 PSNFSS-v9.3 (WaS) 
) (C:\Users\Jackson\AppData\Local\Programs\MiKTeX\tex/latex/amsmath\amsmath.sty
Package: amsmath 2025/07/09 v2.17z AMS math features
\@mathmargin=\skip51

For additional information on amsmath, use the `?' option.
(C:\Users\Jackson\AppData\Local\Programs\MiKTeX\tex/latex/amsmath\amstext.sty
Package: amstext 2024/11/17 v2.01 AMS text
 (C:\Users\Jackson\AppData\Local\Programs\MiKTeX\tex/latex/amsmath\amsgen.sty
File: amsgen.sty 1999/11/30 v2.0 generic functions
\@emptytoks=\toks21
\ex@=\dimen160
)) (C:\Users\Jackson\AppData\Local\Programs\MiKTeX\tex/latex/amsmath\amsbsy.sty
Package: amsbsy 1999/11/29 v1.2d Bold Symbols
\pmbraise@=\dimen161
) (C:\Users\Jackson\AppData\Local\Programs\MiKTeX\tex/latex/amsmath\amsopn.sty
Package: amsopn 2022/04/08 v2.04 operator names
)
\inf@bad=\count288
LaTeX Info: Redefining \frac on input line 233.
\uproot@=\count289
\leftroot@=\count290
LaTeX Info: Redefining \overline on input line 398.
LaTeX Info: Redefining \colon on input line 409.
\classnum@=\count291
\DOTSCASE@=\count292
LaTeX Info: Redefining \ldots on input line 495.
LaTeX Info: Redefining \dots on input line 498.
LaTeX Info: Redefining \cdots on input line 619.
\Mathstrutbox@=\box53
\strutbox@=\box54
LaTeX Info: Redefining \big on input line 721.
LaTeX Info: Redefining \Big on input line 722.
LaTeX Info: Redefining \bigg on input line 723.
LaTeX Info: Redefining \Bigg on input line 724.
\big@size=\dimen162
LaTeX Font Info:    Redeclaring font encoding OML on input line 742.
LaTeX Font Info:    Redeclaring font encoding OMS on input line 743.
\macc@depth=\count293
LaTeX Info: Redefining \bmod on input line 904.
LaTeX Info: Redefining \pmod on input line 909.
LaTeX Info: Redefining \smash on input line 939.
LaTeX Info: Redefining \relbar on input line 969.
LaTeX Info: Redefining \Relbar on input line 970.
\c@MaxMatrixCols=\count294
\dotsspace@=\muskip17
\c@parentequation=\count295
\dspbrk@lvl=\count296
\tag@help=\toks22
\row@=\count297
\column@=\count298
\maxfields@=\count299
\andhelp@=\toks23
\eqnshift@=\dimen163
\alignsep@=\dimen164
\tagshift@=\dimen165
\tagwidth@=\dimen166
\totwidth@=\dimen167
\lineht@=\dimen168
\@envbody=\toks24
\multlinegap=\skip52
\multlinetaggap=\skip53
\mathdisplay@stack=\toks25
LaTeX Info: Redefining \[ on input line 2950.
LaTeX Info: Redefining \] on input line 2951.
) (C:\Users\Jackson\AppData\Local\Programs\MiKTeX\tex/latex/amsfonts\amssymb.sty
Package: amssymb 2013/01/14 v3.01 AMS font symbols
 (C:\Users\Jackson\AppData\Local\Programs\MiKTeX\tex/latex/amsfonts\amsfonts.sty
Package: amsfonts 2013/01/14 v3.01 Basic AMSFonts support
\symAMSa=\mathgroup4
\symAMSb=\mathgroup5
LaTeX Font Info:    Redeclaring math symbol \hbar on input line 98.
LaTeX Font Info:    Overwriting math alphabet `\mathfrak' in version `bold'
(Font)                  U/euf/m/n --> U/euf/b/n on input line 106.
)) (C:\Users\Jackson\AppData\Local\Programs\MiKTeX\tex/latex/booktabs\booktabs.sty
Package: booktabs 2020/01/12 v1.61803398 Publication quality tables
\heavyrulewidth=\dimen169
\lightrulewidth=\dimen170
\cmidrulewidth=\dimen171
\belowrulesep=\dimen172
\belowbottomsep=\dimen173
\aboverulesep=\dimen174
\abovetopsep=\dimen175
\cmidrulesep=\dimen176
\cmidrulekern=\dimen177
\defaultaddspace=\dimen178
\@cmidla=\count300
\@cmidlb=\count301
\@aboverulesep=\dimen179
\@belowrulesep=\dimen180
\@thisruleclass=\count302
\@lastruleclass=\count303
\@thisrulewidth=\dimen181
) (C:\Users\Jackson\AppData\Local\Programs\MiKTeX\tex/latex/xcolor\xcolor.sty
Package: xcolor 2024/09/29 v3.02 LaTeX color extensions (UK)
 (C:\Users\Jackson\AppData\Local\Programs\MiKTeX\tex/latex/graphics-cfg\color.cfg
File: color.cfg 2016/01/02 v1.6 sample color configuration
)
Package xcolor Info: Driver file: pdftex.def on input line 274.
 (C:\Users\Jackson\AppData\Local\Programs\MiKTeX\tex/latex/graphics\mathcolor.ltx)
Package xcolor Info: Model `cmy' substituted by `cmy0' on input line 1349.
Package xcolor Info: Model `hsb' substituted by `rgb' on input line 1353.
Package xcolor Info: Model `RGB' extended on input line 1365.
Package xcolor Info: Model `HTML' substituted by `rgb' on input line 1367.
Package xcolor Info: Model `Hsb' substituted by `hsb' on input line 1368.
Package xcolor Info: Model `tHsb' substituted by `hsb' on input line 1369.
Package xcolor Info: Model `HSB' substituted by `hsb' on input line 1370.
Package xcolor Info: Model `Gray' substituted by `gray' on input line 1371.
Package xcolor Info: Model `wave' substituted by `hsb' on input line 1372.
) (C:\Users\Jackson\AppData\Local\Programs\MiKTeX\tex/latex/colortbl\colortbl.sty
Package: colortbl 2024/10/29 v1.0k Color table columns (DPC)
 (C:\Users\Jackson\AppData\Local\Programs\MiKTeX\tex/latex/tools\array.sty
Package: array 2025/09/25 v2.6n Tabular extension package (FMi)
\col@sep=\dimen182
\ar@mcellbox=\box55
\extrarowheight=\dimen183
\NC@list=\toks26
\extratabsurround=\skip54
\backup@length=\skip55
\ar@cellbox=\box56
)
\everycr=\toks27
\minrowclearance=\skip56
\rownum=\count304
) (C:\Users\Jackson\AppData\Local\Programs\MiKTeX\tex/latex/float\float.sty
Package: float 2001/11/08 v1.3d Float enhancements (AL)
\c@float@type=\count305
\float@exts=\toks28
\float@box=\box57
\@float@everytoks=\toks29
\@floatcapt=\box58
) (C:\Users\Jackson\AppData\Local\Programs\MiKTeX\tex/latex/caption\subcaption.sty
Package: subcaption 2023/07/28 v1.6b Sub-captions (AR)
 (C:\Users\Jackson\AppData\Local\Programs\MiKTeX\tex/latex/caption\caption.sty
Package: caption 2023/08/05 v3.6o Customizing captions (AR)
 (C:\Users\Jackson\AppData\Local\Programs\MiKTeX\tex/latex/caption\caption3.sty
Package: caption3 2023/07/31 v2.4d caption3 kernel (AR)
\caption@tempdima=\dimen184
\captionmargin=\dimen185
\caption@leftmargin=\dimen186
\caption@rightmargin=\dimen187
\caption@width=\dimen188
\caption@indent=\dimen189
\caption@parindent=\dimen190
\caption@hangindent=\dimen191
Package caption Info: Standard document class detected.
)
\c@caption@flags=\count306
\c@continuedfloat=\count307
Package caption Info: float package is loaded.
)
Package caption Info: New subtype `subfigure' on input line 238.
\c@subfigure=\count308
Package caption Info: New subtype `subtable' on input line 238.
\c@subtable=\count309
) (C:\Users\Jackson\AppData\Local\Programs\MiKTeX\tex/latex/parskip\parskip.sty
Package: parskip 2021-03-14 v2.0h non-zero parskip adjustments
 (C:\Users\Jackson\AppData\Local\Programs\MiKTeX\tex/latex/kvoptions\kvoptions.sty
Package: kvoptions 2022-06-15 v3.15 Key value format for package options (HO)
 (C:\Users\Jackson\AppData\Local\Programs\MiKTeX\tex/generic/ltxcmds\ltxcmds.sty
Package: ltxcmds 2023-12-04 v1.26 LaTeX kernel commands for general use (HO)
) (C:\Users\Jackson\AppData\Local\Programs\MiKTeX\tex/latex/kvsetkeys\kvsetkeys.sty
Package: kvsetkeys 2022-10-05 v1.19 Key value parser (HO)
)) (C:\Users\Jackson\AppData\Local\Programs\MiKTeX\tex/latex/etoolbox\etoolbox.sty
Package: etoolbox 2025/10/02 v2.5m e-TeX tools for LaTeX (JAW)
\etb@tempcnta=\count310
))
LaTeX Font Info:    Trying to load font information for T1+phv on input line 55.
 (C:\Users\Jackson\AppData\Local\Programs\MiKTeX\tex/latex/psnfss\t1phv.fd
File: t1phv.fd 2020/03/25 scalable font definitions for T1/phv.
) (C:\Users\Jackson\AppData\Local\Programs\MiKTeX\tex/latex/l3backend\l3backend-pdftex.def
File: l3backend-pdftex.def 2025-10-09 L3 backend support: PDF output (pdfTeX)
\l__color_backend_stack_int=\count311
) (report.aux)
\openout1 = `report.aux'.

LaTeX Font Info:    Checking defaults for OML/cmm/m/it on input line 55.
LaTeX Font Info:    ... okay on input line 55.
LaTeX Font Info:    Checking defaults for OMS/cmsy/m/n on input line 55.
LaTeX Font Info:    ... okay on input line 55.
LaTeX Font Info:    Checking defaults for OT1/cmr/m/n on input line 55.
LaTeX Font Info:    ... okay on input line 55.
LaTeX Font Info:    Checking defaults for T1/cmr/m/n on input line 55.
LaTeX Font Info:    ... okay on input line 55.
LaTeX Font Info:    Checking defaults for TS1/cmr/m/n on input line 55.
LaTeX Font Info:    ... okay on input line 55.
LaTeX Font Info:    Checking defaults for OMX/cmex/m/n on input line 55.
LaTeX Font Info:    ... okay on input line 55.
LaTeX Font Info:    Checking defaults for U/cmr/m/n on input line 55.
LaTeX Font Info:    ... okay on input line 55.

*geometry* driver: auto-detecting
*geometry* detected driver: pdftex
*geometry* verbose mode - [ preamble ] result:
* driver: pdftex
* paper: <default>
* layout: <same size as paper>
* layoutoffset:(h,v)=(0.0pt,0.0pt)
* modes: 
* h-part:(L,W,R)=(72.26999pt, 469.75502pt, 72.26999pt)
* v-part:(T,H,B)=(72.26999pt, 650.43001pt, 72.26999pt)
* \paperwidth=614.295pt
* \paperheight=794.96999pt
* \textwidth=469.75502pt
* \textheight=650.43001pt
* \oddsidemargin=0.0pt
* \evensidemargin=0.0pt
* \topmargin=-37.0pt
* \headheight=12.0pt
* \headsep=25.0pt
* \topskip=10.0pt
* \footskip=30.0pt
* \marginparwidth=65.0pt
* \marginparsep=11.0pt
* \columnsep=10.0pt
* \skip\footins=9.0pt plus 4.0pt minus 2.0pt
* \hoffset=0.0pt
* \voffset=0.0pt
* \mag=1000
* \@twocolumnfalse
* \@twosidefalse
* \@mparswitchfalse
* \@reversemarginfalse
* (1in=72.27pt=25.4mm, 1cm=28.453pt)

(C:\Users\Jackson\AppData\Local\Programs\MiKTeX\tex/context/base/mkii\supp-pdf.mkii
[Loading MPS to PDF converter (version 2006.09.02).]
\scratchcounter=\count312
\scratchdimen=\dimen192
\scratchbox=\box59
\nofMPsegments=\count313
\nofMParguments=\count314
\everyMPshowfont=\toks30
\MPscratchCnt=\count315
\MPscratchDim=\dimen193
\MPnumerator=\count316
\makeMPintoPDFobject=\count317
\everyMPtoPDFconversion=\toks31
) (C:\Users\Jackson\AppData\Local\Programs\MiKTeX\tex/latex/epstopdf-pkg\epstopdf-base.sty
Package: epstopdf-base 2020-01-24 v2.11 Base part for package epstopdf
Package epstopdf-base Info: Redefining graphics rule for `.eps' on input line 485.
 (C:\Users\Jackson\AppData\Local\Programs\MiKTeX\tex/latex/00miktex\epstopdf-sys.cfg
File: epstopdf-sys.cfg 2021/03/18 v2.0 Configuration of epstopdf for MiKTeX
))
Package caption Info: Begin \AtBeginDocument code.
Package caption Info: End \AtBeginDocument code.
 [1

{C:/Users/Jackson/AppData/Local/MiKTeX/fonts/map/pdftex/pdftex.map}{C:/Users/Jackson/AppData/Local/Programs/MiKTeX/fonts/enc/dvips/base/8r.enc}]
LaTeX Font Info:    Trying to load font information for U+msa on input line 113.
 (C:\Users\Jackson\AppData\Local\Programs\MiKTeX\tex/latex/amsfonts\umsa.fd
File: umsa.fd 2013/01/14 v3.01 AMS symbols A
)
LaTeX Font Info:    Trying to load font information for U+msb on input line 113.
 (C:\Users\Jackson\AppData\Local\Programs\MiKTeX\tex/latex/amsfonts\umsb.fd
File: umsb.fd 2013/01/14 v3.01 AMS symbols B
) [1]
<../experiment_a_results/average_face.jpg, id=18, 48.18pt x 60.225pt>
File: ../experiment_a_results/average_face.jpg Graphic file (type jpg)
<use ../experiment_a_results/average_face.jpg>
Package pdftex.def Info: ../experiment_a_results/average_face.jpg  used on input line 186.
(pdftex.def)             Requested size: 117.43875pt x 146.79895pt.
 [2 <../experiment_a_results/average_face.jpg>]
<../eigen_faces_imgs/ef_0.jpg, id=23, 48.18pt x 60.225pt>
File: ../eigen_faces_imgs/ef_0.jpg Graphic file (type jpg)
<use ../eigen_faces_imgs/ef_0.jpg>
Package pdftex.def Info: ../eigen_faces_imgs/ef_0.jpg  used on input line 197.
(pdftex.def)             Requested size: 42.27623pt x 52.84468pt.
<../eigen_faces_imgs/ef_1.jpg, id=24, 48.18pt x 60.225pt>
File: ../eigen_faces_imgs/ef_1.jpg Graphic file (type jpg)
<use ../eigen_faces_imgs/ef_1.jpg>
Package pdftex.def Info: ../eigen_faces_imgs/ef_1.jpg  used on input line 198.
(pdftex.def)             Requested size: 42.27623pt x 52.84468pt.
<../eigen_faces_imgs/ef_2.jpg, id=25, 48.18pt x 60.225pt>
File: ../eigen_faces_imgs/ef_2.jpg Graphic file (type jpg)
<use ../eigen_faces_imgs/ef_2.jpg>
Package pdftex.def Info: ../eigen_faces_imgs/ef_2.jpg  used on input line 199.
(pdftex.def)             Requested size: 42.27623pt x 52.84468pt.
<../eigen_faces_imgs/ef_3.jpg, id=26, 48.18pt x 60.225pt>
File: ../eigen_faces_imgs/ef_3.jpg Graphic file (type jpg)
<use ../eigen_faces_imgs/ef_3.jpg>
Package pdftex.def Info: ../eigen_faces_imgs/ef_3.jpg  used on input line 200.
(pdftex.def)             Requested size: 42.27623pt x 52.84468pt.
<../eigen_faces_imgs/ef_4.jpg, id=27, 48.18pt x 60.225pt>
File: ../eigen_faces_imgs/ef_4.jpg Graphic file (type jpg)
<use ../eigen_faces_imgs/ef_4.jpg>
Package pdftex.def Info: ../eigen_faces_imgs/ef_4.jpg  used on input line 201.
(pdftex.def)             Requested size: 42.27623pt x 52.84468pt.
<../eigen_faces_imgs/ef_5.jpg, id=28, 48.18pt x 60.225pt>
File: ../eigen_faces_imgs/ef_5.jpg Graphic file (type jpg)
<use ../eigen_faces_imgs/ef_5.jpg>
Package pdftex.def Info: ../eigen_faces_imgs/ef_5.jpg  used on input line 202.
(pdftex.def)             Requested size: 42.27623pt x 52.84468pt.
<../eigen_faces_imgs/ef_6.jpg, id=29, 48.18pt x 60.225pt>
File: ../eigen_faces_imgs/ef_6.jpg Graphic file (type jpg)
<use ../eigen_faces_imgs/ef_6.jpg>
Package pdftex.def Info: ../eigen_faces_imgs/ef_6.jpg  used on input line 203.
(pdftex.def)             Requested size: 42.27623pt x 52.84468pt.
<../eigen_faces_imgs/ef_7.jpg, id=30, 48.18pt x 60.225pt>
File: ../eigen_faces_imgs/ef_7.jpg Graphic file (type jpg)
<use ../eigen_faces_imgs/ef_7.jpg>
Package pdftex.def Info: ../eigen_faces_imgs/ef_7.jpg  used on input line 204.
(pdftex.def)             Requested size: 42.27623pt x 52.84468pt.
<../eigen_faces_imgs/ef_8.jpg, id=31, 48.18pt x 60.225pt>
File: ../eigen_faces_imgs/ef_8.jpg Graphic file (type jpg)
<use ../eigen_faces_imgs/ef_8.jpg>
Package pdftex.def Info: ../eigen_faces_imgs/ef_8.jpg  used on input line 205.
(pdftex.def)             Requested size: 42.27623pt x 52.84468pt.
<../eigen_faces_imgs/ef_9.jpg, id=32, 48.18pt x 60.225pt>
File: ../eigen_faces_imgs/ef_9.jpg Graphic file (type jpg)
<use ../eigen_faces_imgs/ef_9.jpg>
Package pdftex.def Info: ../eigen_faces_imgs/ef_9.jpg  used on input line 206.
(pdftex.def)             Requested size: 42.27623pt x 52.84468pt.
<../eigen_faces_imgs/ef_1194.jpg, id=33, 48.18pt x 60.225pt>
File: ../eigen_faces_imgs/ef_1194.jpg Graphic file (type jpg)
<use ../eigen_faces_imgs/ef_1194.jpg>
Package pdftex.def Info: ../eigen_faces_imgs/ef_1194.jpg  used on input line 213.
(pdftex.def)             Requested size: 42.27623pt x 52.84468pt.
<../eigen_faces_imgs/ef_1195.jpg, id=34, 48.18pt x 60.225pt>
File: ../eigen_faces_imgs/ef_1195.jpg Graphic file (type jpg)
<use ../eigen_faces_imgs/ef_1195.jpg>
Package pdftex.def Info: ../eigen_faces_imgs/ef_1195.jpg  used on input line 214.
(pdftex.def)             Requested size: 42.27623pt x 52.84468pt.
<../eigen_faces_imgs/ef_1196.jpg, id=35, 48.18pt x 60.225pt>
File: ../eigen_faces_imgs/ef_1196.jpg Graphic file (type jpg)
<use ../eigen_faces_imgs/ef_1196.jpg>
Package pdftex.def Info: ../eigen_faces_imgs/ef_1196.jpg  used on input line 215.
(pdftex.def)             Requested size: 42.27623pt x 52.84468pt.
<../eigen_faces_imgs/ef_1197.jpg, id=36, 48.18pt x 60.225pt>
File: ../eigen_faces_imgs/ef_1197.jpg Graphic file (type jpg)
<use ../eigen_faces_imgs/ef_1197.jpg>
Package pdftex.def Info: ../eigen_faces_imgs/ef_1197.jpg  used on input line 216.
(pdftex.def)             Requested size: 42.27623pt x 52.84468pt.
<../eigen_faces_imgs/ef_1198.jpg, id=37, 48.18pt x 60.225pt>
File: ../eigen_faces_imgs/ef_1198.jpg Graphic file (type jpg)
<use ../eigen_faces_imgs/ef_1198.jpg>
Package pdftex.def Info: ../eigen_faces_imgs/ef_1198.jpg  used on input line 217.
(pdftex.def)             Requested size: 42.27623pt x 52.84468pt.
<../eigen_faces_imgs/ef_1199.jpg, id=38, 48.18pt x 60.225pt>
File: ../eigen_faces_imgs/ef_1199.jpg Graphic file (type jpg)
<use ../eigen_faces_imgs/ef_1199.jpg>
Package pdftex.def Info: ../eigen_faces_imgs/ef_1199.jpg  used on input line 218.
(pdftex.def)             Requested size: 42.27623pt x 52.84468pt.
<../eigen_faces_imgs/ef_1200.jpg, id=39, 48.18pt x 60.225pt>
File: ../eigen_faces_imgs/ef_1200.jpg Graphic file (type jpg)
<use ../eigen_faces_imgs/ef_1200.jpg>
Package pdftex.def Info: ../eigen_faces_imgs/ef_1200.jpg  used on input line 219.
(pdftex.def)             Requested size: 42.27623pt x 52.84468pt.
<../eigen_faces_imgs/ef_1201.jpg, id=40, 48.18pt x 60.225pt>
File: ../eigen_faces_imgs/ef_1201.jpg Graphic file (type jpg)
<use ../eigen_faces_imgs/ef_1201.jpg>
Package pdftex.def Info: ../eigen_faces_imgs/ef_1201.jpg  used on input line 220.
(pdftex.def)             Requested size: 42.27623pt x 52.84468pt.
<../eigen_faces_imgs/ef_1202.jpg, id=41, 48.18pt x 60.225pt>
File: ../eigen_faces_imgs/ef_1202.jpg Graphic file (type jpg)
<use ../eigen_faces_imgs/ef_1202.jpg>
Package pdftex.def Info: ../eigen_faces_imgs/ef_1202.jpg  used on input line 221.
(pdftex.def)             Requested size: 42.27623pt x 52.84468pt.
<../eigen_faces_imgs/ef_1203.jpg, id=42, 48.18pt x 60.225pt>
File: ../eigen_faces_imgs/ef_1203.jpg Graphic file (type jpg)
<use ../eigen_faces_imgs/ef_1203.jpg>
Package pdftex.def Info: ../eigen_faces_imgs/ef_1203.jpg  used on input line 222.
(pdftex.def)             Requested size: 42.27623pt x 52.84468pt.
<../Experiment_II.jpg, id=43, 609.7179pt x 397.7259pt>
File: ../Experiment_II.jpg Graphic file (type jpg)
<use ../Experiment_II.jpg>
Package pdftex.def Info: ../Experiment_II.jpg  used on input line 242.
(pdftex.def)             Requested size: 375.80544pt x 245.1492pt.
 [3 <../eigen_faces_imgs/ef_0.jpg> <../eigen_faces_imgs/ef_1.jpg> <../eigen_faces_imgs/ef_2.jpg> <../eigen_faces_imgs/ef_3.jpg> <../eigen_faces_imgs/ef_4.jpg> <../eigen_faces_imgs/ef_5.jpg> <../eigen_faces_imgs/ef_6.jpg> <../eigen_faces_imgs/ef_7.jpg> <../eigen_faces_imgs/ef_8.jpg> <../eigen_faces_imgs/ef_9.jpg> <../eigen_faces_imgs/ef_1194.jpg> <../eigen_faces_imgs/ef_1195.jpg> <../eigen_faces_imgs/ef_1196.jpg> <../eigen_faces_imgs/ef_1197.jpg> <../eigen_faces_imgs/ef_1198.jpg> <../eigen_faces_imgs/ef_1199.jpg> <../eigen_faces_imgs/ef_1200.jpg> <../eigen_faces_imgs/ef_1201.jpg> <../eigen_faces_imgs/ef_1202.jpg> <../eigen_faces_imgs/ef_1203.jpg> <../Experiment_II.jpg>]
<../experiment_a_results/results_80/correct_query_0.jpg, id=47, 48.18pt x 60.225pt>
File: ../experiment_a_results/results_80/correct_query_0.jpg Graphic file (type jpg)
<use ../experiment_a_results/results_80/correct_query_0.jpg>
Package pdftex.def Info: ../experiment_a_results/results_80/correct_query_0.jpg  used on input line 252.
(pdftex.def)             Requested size: 65.76541pt x 82.20631pt.
<../experiment_a_results/results_80/correct_training_0.jpg, id=48, 48.18pt x 60.225pt>
File: ../experiment_a_results/results_80/correct_training_0.jpg Graphic file (type jpg)
<use ../experiment_a_results/results_80/correct_training_0.jpg>
Package pdftex.def Info: ../experiment_a_results/results_80/correct_training_0.jpg  used on input line 253.
(pdftex.def)             Requested size: 65.76541pt x 82.20631pt.
<../experiment_a_results/results_80/correct_query_1.jpg, id=49, 48.18pt x 60.225pt>
File: ../experiment_a_results/results_80/correct_query_1.jpg Graphic file (type jpg)
<use ../experiment_a_results/results_80/correct_query_1.jpg>
Package pdftex.def Info: ../experiment_a_results/results_80/correct_query_1.jpg  used on input line 254.
(pdftex.def)             Requested size: 65.76541pt x 82.20631pt.
<../experiment_a_results/results_80/correct_training_1.jpg, id=50, 48.18pt x 60.225pt>
File: ../experiment_a_results/results_80/correct_training_1.jpg Graphic file (type jpg)
<use ../experiment_a_results/results_80/correct_training_1.jpg>
Package pdftex.def Info: ../experiment_a_results/results_80/correct_training_1.jpg  used on input line 255.
(pdftex.def)             Requested size: 65.76541pt x 82.20631pt.
<../experiment_a_results/results_80/correct_query_2.jpg, id=51, 48.18pt x 60.225pt>
File: ../experiment_a_results/results_80/correct_query_2.jpg Graphic file (type jpg)
<use ../experiment_a_results/results_80/correct_query_2.jpg>
Package pdftex.def Info: ../experiment_a_results/results_80/correct_query_2.jpg  used on input line 256.
(pdftex.def)             Requested size: 65.76541pt x 82.20631pt.
<../experiment_a_results/results_80/correct_training_2.jpg, id=52, 48.18pt x 60.225pt>
File: ../experiment_a_results/results_80/correct_training_2.jpg Graphic file (type jpg)
<use ../experiment_a_results/results_80/correct_training_2.jpg>
Package pdftex.def Info: ../experiment_a_results/results_80/correct_training_2.jpg  used on input line 257.
(pdftex.def)             Requested size: 65.76541pt x 82.20631pt.
<../experiment_a_results/results_80/incorrect_query_0.jpg, id=53, 48.18pt x 60.225pt>
File: ../experiment_a_results/results_80/incorrect_query_0.jpg Graphic file (type jpg)
<use ../experiment_a_results/results_80/incorrect_query_0.jpg>
Package pdftex.def Info: ../experiment_a_results/results_80/incorrect_query_0.jpg  used on input line 264.
(pdftex.def)             Requested size: 65.76541pt x 82.20631pt.
<../experiment_a_results/results_80/incorrect_training_0.jpg, id=54, 48.18pt x 60.225pt>
File: ../experiment_a_results/results_80/incorrect_training_0.jpg Graphic file (type jpg)
<use ../experiment_a_results/results_80/incorrect_training_0.jpg>
Package pdftex.def Info: ../experiment_a_results/results_80/incorrect_training_0.jpg  used on input line 265.
(pdftex.def)             Requested size: 65.76541pt x 82.20631pt.
<../experiment_a_results/results_80/incorrect_query_1.jpg, id=55, 48.18pt x 60.225pt>
File: ../experiment_a_results/results_80/incorrect_query_1.jpg Graphic file (type jpg)
<use ../experiment_a_results/results_80/incorrect_query_1.jpg>
Package pdftex.def Info: ../experiment_a_results/results_80/incorrect_query_1.jpg  used on input line 266.
(pdftex.def)             Requested size: 65.76541pt x 82.20631pt.
<../experiment_a_results/results_80/incorrect_training_1.jpg, id=56, 48.18pt x 60.225pt>
File: ../experiment_a_results/results_80/incorrect_training_1.jpg Graphic file (type jpg)
<use ../experiment_a_results/results_80/incorrect_training_1.jpg>
Package pdftex.def Info: ../experiment_a_results/results_80/incorrect_training_1.jpg  used on input line 267.
(pdftex.def)             Requested size: 65.76541pt x 82.20631pt.
<../experiment_a_results/results_80/incorrect_query_2.jpg, id=57, 48.18pt x 60.225pt>
File: ../experiment_a_results/results_80/incorrect_query_2.jpg Graphic file (type jpg)
<use ../experiment_a_results/results_80/incorrect_query_2.jpg>
Package pdftex.def Info: ../experiment_a_results/results_80/incorrect_query_2.jpg  used on input line 268.
(pdftex.def)             Requested size: 65.76541pt x 82.20631pt.
<../experiment_a_results/results_80/incorrect_training_2.jpg, id=58, 48.18pt x 60.225pt>
File: ../experiment_a_results/results_80/incorrect_training_2.jpg Graphic file (type jpg)
<use ../experiment_a_results/results_80/incorrect_training_2.jpg>
Package pdftex.def Info: ../experiment_a_results/results_80/incorrect_training_2.jpg  used on input line 269.
(pdftex.def)             Requested size: 65.76541pt x 82.20631pt.
<../experiment_a_results/results_90/correct_query_0.jpg, id=59, 48.18pt x 60.225pt>
File: ../experiment_a_results/results_90/correct_query_0.jpg Graphic file (type jpg)
<use ../experiment_a_results/results_90/correct_query_0.jpg>
Package pdftex.def Info: ../experiment_a_results/results_90/correct_query_0.jpg  used on input line 283.
(pdftex.def)             Requested size: 65.76541pt x 82.20631pt.
<../experiment_a_results/results_90/correct_training_0.jpg, id=60, 48.18pt x 60.225pt>
File: ../experiment_a_results/results_90/correct_training_0.jpg Graphic file (type jpg)
<use ../experiment_a_results/results_90/correct_training_0.jpg>
Package pdftex.def Info: ../experiment_a_results/results_90/correct_training_0.jpg  used on input line 284.
(pdftex.def)             Requested size: 65.76541pt x 82.20631pt.
<../experiment_a_results/results_90/correct_query_1.jpg, id=61, 48.18pt x 60.225pt>
File: ../experiment_a_results/results_90/correct_query_1.jpg Graphic file (type jpg)
<use ../experiment_a_results/results_90/correct_query_1.jpg>
Package pdftex.def Info: ../experiment_a_results/results_90/correct_query_1.jpg  used on input line 285.
(pdftex.def)             Requested size: 65.76541pt x 82.20631pt.
<../experiment_a_results/results_90/correct_training_1.jpg, id=62, 48.18pt x 60.225pt>
File: ../experiment_a_results/results_90/correct_training_1.jpg Graphic file (type jpg)
<use ../experiment_a_results/results_90/correct_training_1.jpg>
Package pdftex.def Info: ../experiment_a_results/results_90/correct_training_1.jpg  used on input line 286.
(pdftex.def)             Requested size: 65.76541pt x 82.20631pt.
<../experiment_a_results/results_90/correct_query_2.jpg, id=63, 48.18pt x 60.225pt>
File: ../experiment_a_results/results_90/correct_query_2.jpg Graphic file (type jpg)
<use ../experiment_a_results/results_90/correct_query_2.jpg>
Package pdftex.def Info: ../experiment_a_results/results_90/correct_query_2.jpg  used on input line 287.
(pdftex.def)             Requested size: 65.76541pt x 82.20631pt.
<../experiment_a_results/results_90/correct_training_2.jpg, id=64, 48.18pt x 60.225pt>
File: ../experiment_a_results/results_90/correct_training_2.jpg Graphic file (type jpg)
<use ../experiment_a_results/results_90/correct_training_2.jpg>
Package pdftex.def Info: ../experiment_a_results/results_90/correct_training_2.jpg  used on input line 288.
(pdftex.def)             Requested size: 65.76541pt x 82.20631pt.
<../experiment_a_results/results_90/incorrect_query_0.jpg, id=65, 48.18pt x 60.225pt>
File: ../experiment_a_results/results_90/incorrect_query_0.jpg Graphic file (type jpg)
<use ../experiment_a_results/results_90/incorrect_query_0.jpg>
Package pdftex.def Info: ../experiment_a_results/results_90/incorrect_query_0.jpg  used on input line 295.
(pdftex.def)             Requested size: 65.76541pt x 82.20631pt.
<../experiment_a_results/results_90/incorrect_training_0.jpg, id=66, 48.18pt x 60.225pt>
File: ../experiment_a_results/results_90/incorrect_training_0.jpg Graphic file (type jpg)
<use ../experiment_a_results/results_90/incorrect_training_0.jpg>
Package pdftex.def Info: ../experiment_a_results/results_90/incorrect_training_0.jpg  used on input line 296.
(pdftex.def)             Requested size: 65.76541pt x 82.20631pt.
<../experiment_a_results/results_90/incorrect_query_1.jpg, id=67, 48.18pt x 60.225pt>
File: ../experiment_a_results/results_90/incorrect_query_1.jpg Graphic file (type jpg)
<use ../experiment_a_results/results_90/incorrect_query_1.jpg>
Package pdftex.def Info: ../experiment_a_results/results_90/incorrect_query_1.jpg  used on input line 297.
(pdftex.def)             Requested size: 65.76541pt x 82.20631pt.
<../experiment_a_results/results_90/incorrect_training_1.jpg, id=68, 48.18pt x 60.225pt>
File: ../experiment_a_results/results_90/incorrect_training_1.jpg Graphic file (type jpg)
<use ../experiment_a_results/results_90/incorrect_training_1.jpg>
Package pdftex.def Info: ../experiment_a_results/results_90/incorrect_training_1.jpg  used on input line 298.
(pdftex.def)             Requested size: 65.76541pt x 82.20631pt.
<../experiment_a_results/results_90/incorrect_query_2.jpg, id=69, 48.18pt x 60.225pt>
File: ../experiment_a_results/results_90/incorrect_query_2.jpg Graphic file (type jpg)
<use ../experiment_a_results/results_90/incorrect_query_2.jpg>
Package pdftex.def Info: ../experiment_a_results/results_90/incorrect_query_2.jpg  used on input line 299.
(pdftex.def)             Requested size: 65.76541pt x 82.20631pt.
<../experiment_a_results/results_90/incorrect_training_2.jpg, id=70, 48.18pt x 60.225pt>
File: ../experiment_a_results/results_90/incorrect_training_2.jpg Graphic file (type jpg)
<use ../experiment_a_results/results_90/incorrect_training_2.jpg>
Package pdftex.def Info: ../experiment_a_results/results_90/incorrect_training_2.jpg  used on input line 300.
(pdftex.def)             Requested size: 65.76541pt x 82.20631pt.
 [4 <../experiment_a_results/results_80/correct_query_0.jpg> <../experiment_a_results/results_80/correct_training_0.jpg> <../experiment_a_results/results_80/correct_query_1.jpg> <../experiment_a_results/results_80/correct_training_1.jpg> <../experiment_a_results/results_80/correct_query_2.jpg> <../experiment_a_results/results_80/correct_training_2.jpg> <../experiment_a_results/results_80/incorrect_query_0.jpg> <../experiment_a_results/results_80/incorrect_training_0.jpg> <../experiment_a_results/results_80/incorrect_query_1.jpg> <../experiment_a_results/results_80/incorrect_training_1.jpg> <../experiment_a_results/results_80/incorrect_query_2.jpg> <../experiment_a_results/results_80/incorrect_training_2.jpg> <../experiment_a_results/results_90/correct_query_0.jpg> <../experiment_a_results/results_90/correct_training_0.jpg> <../experiment_a_results/results_90/correct_query_1.jpg> <../experiment_a_results/results_90/correct_training_1.jpg> <../experiment_a_results/results_90/correct_query_2.jpg> <../experiment_a_results/results_90/correct_training_2.jpg> <../experiment_a_results/results_90/incorrect_query_0.jpg> <../experiment_a_results/results_90/incorrect_training_0.jpg> <../experiment_a_results/results_90/incorrect_query_1.jpg> <../experiment_a_results/results_90/incorrect_training_1.jpg> <../experiment_a_results/results_90/incorrect_query_2.jpg> <../experiment_a_results/results_90/incorrect_training_2.jpg>]
<../experiment_a_results/results_95/correct_query_0.jpg, id=74, 48.18pt x 60.225pt>
File: ../experiment_a_results/results_95/correct_query_0.jpg Graphic file (type jpg)
<use ../experiment_a_results/results_95/correct_query_0.jpg>
Package pdftex.def Info: ../experiment_a_results/results_95/correct_query_0.jpg  used on input line 310.
(pdftex.def)             Requested size: 65.76541pt x 82.20631pt.
<../experiment_a_results/results_95/correct_training_0.jpg, id=75, 48.18pt x 60.225pt>
File: ../experiment_a_results/results_95/correct_training_0.jpg Graphic file (type jpg)
<use ../experiment_a_results/results_95/correct_training_0.jpg>
Package pdftex.def Info: ../experiment_a_results/results_95/correct_training_0.jpg  used on input line 311.
(pdftex.def)             Requested size: 65.76541pt x 82.20631pt.
<../experiment_a_results/results_95/correct_query_1.jpg, id=76, 48.18pt x 60.225pt>
File: ../experiment_a_results/results_95/correct_query_1.jpg Graphic file (type jpg)
<use ../experiment_a_results/results_95/correct_query_1.jpg>
Package pdftex.def Info: ../experiment_a_results/results_95/correct_query_1.jpg  used on input line 312.
(pdftex.def)             Requested size: 65.76541pt x 82.20631pt.
<../experiment_a_results/results_95/correct_training_1.jpg, id=77, 48.18pt x 60.225pt>
File: ../experiment_a_results/results_95/correct_training_1.jpg Graphic file (type jpg)
<use ../experiment_a_results/results_95/correct_training_1.jpg>
Package pdftex.def Info: ../experiment_a_results/results_95/correct_training_1.jpg  used on input line 313.
(pdftex.def)             Requested size: 65.76541pt x 82.20631pt.
<../experiment_a_results/results_95/correct_query_2.jpg, id=78, 48.18pt x 60.225pt>
File: ../experiment_a_results/results_95/correct_query_2.jpg Graphic file (type jpg)
<use ../experiment_a_results/results_95/correct_query_2.jpg>
Package pdftex.def Info: ../experiment_a_results/results_95/correct_query_2.jpg  used on input line 314.
(pdftex.def)             Requested size: 65.76541pt x 82.20631pt.
<../experiment_a_results/results_95/correct_training_2.jpg, id=79, 48.18pt x 60.225pt>
File: ../experiment_a_results/results_95/correct_training_2.jpg Graphic file (type jpg)
<use ../experiment_a_results/results_95/correct_training_2.jpg>
Package pdftex.def Info: ../experiment_a_results/results_95/correct_training_2.jpg  used on input line 315.
(pdftex.def)             Requested size: 65.76541pt x 82.20631pt.
<../experiment_a_results/results_95/incorrect_query_0.jpg, id=80, 48.18pt x 60.225pt>
File: ../experiment_a_results/results_95/incorrect_query_0.jpg Graphic file (type jpg)
<use ../experiment_a_results/results_95/incorrect_query_0.jpg>
Package pdftex.def Info: ../experiment_a_results/results_95/incorrect_query_0.jpg  used on input line 322.
(pdftex.def)             Requested size: 65.76541pt x 82.20631pt.
<../experiment_a_results/results_95/incorrect_training_0.jpg, id=81, 48.18pt x 60.225pt>
File: ../experiment_a_results/results_95/incorrect_training_0.jpg Graphic file (type jpg)
<use ../experiment_a_results/results_95/incorrect_training_0.jpg>
Package pdftex.def Info: ../experiment_a_results/results_95/incorrect_training_0.jpg  used on input line 323.
(pdftex.def)             Requested size: 65.76541pt x 82.20631pt.
<../experiment_a_results/results_95/incorrect_query_1.jpg, id=82, 48.18pt x 60.225pt>
File: ../experiment_a_results/results_95/incorrect_query_1.jpg Graphic file (type jpg)
<use ../experiment_a_results/results_95/incorrect_query_1.jpg>
Package pdftex.def Info: ../experiment_a_results/results_95/incorrect_query_1.jpg  used on input line 324.
(pdftex.def)             Requested size: 65.76541pt x 82.20631pt.
<../experiment_a_results/results_95/incorrect_training_1.jpg, id=83, 48.18pt x 60.225pt>
File: ../experiment_a_results/results_95/incorrect_training_1.jpg Graphic file (type jpg)
<use ../experiment_a_results/results_95/incorrect_training_1.jpg>
Package pdftex.def Info: ../experiment_a_results/results_95/incorrect_training_1.jpg  used on input line 325.
(pdftex.def)             Requested size: 65.76541pt x 82.20631pt.
<../experiment_a_results/results_95/incorrect_query_2.jpg, id=84, 48.18pt x 60.225pt>
File: ../experiment_a_results/results_95/incorrect_query_2.jpg Graphic file (type jpg)
<use ../experiment_a_results/results_95/incorrect_query_2.jpg>
Package pdftex.def Info: ../experiment_a_results/results_95/incorrect_query_2.jpg  used on input line 326.
(pdftex.def)             Requested size: 65.76541pt x 82.20631pt.
<../experiment_a_results/results_95/incorrect_training_2.jpg, id=85, 48.18pt x 60.225pt>
File: ../experiment_a_results/results_95/incorrect_training_2.jpg Graphic file (type jpg)
<use ../experiment_a_results/results_95/incorrect_training_2.jpg>
Package pdftex.def Info: ../experiment_a_results/results_95/incorrect_training_2.jpg  used on input line 327.
(pdftex.def)             Requested size: 65.76541pt x 82.20631pt.
 [5 <../experiment_a_results/results_95/correct_query_0.jpg> <../experiment_a_results/results_95/correct_training_0.jpg> <../experiment_a_results/results_95/correct_query_1.jpg> <../experiment_a_results/results_95/correct_training_1.jpg> <../experiment_a_results/results_95/correct_query_2.jpg> <../experiment_a_results/results_95/correct_training_2.jpg> <../experiment_a_results/results_95/incorrect_query_0.jpg> <../experiment_a_results/results_95/incorrect_training_0.jpg> <../experiment_a_results/results_95/incorrect_query_1.jpg> <../experiment_a_results/results_95/incorrect_training_1.jpg> <../experiment_a_results/results_95/incorrect_query_2.jpg> <../experiment_a_results/results_95/incorrect_training_2.jpg>]
<../ROC_Curve.jpg, id=89, 509.0217pt x 397.7259pt>
File: ../ROC_Curve.jpg Graphic file (type jpg)
<use ../ROC_Curve.jpg>
Package pdftex.def Info: ../ROC_Curve.jpg  used on input line 351.
(pdftex.def)             Requested size: 375.80544pt x 293.64499pt.
 [6 <../ROC_Curve.jpg>] (report.aux)
 ***********
LaTeX2e <2025-11-01>
L3 programming layer <2025-12-24>
 ***********
 ) 
Here is how much of TeX's memory you used:
 7932 strings out of 467871
 143821 string characters out of 5417409
 558027 words of memory out of 5000000
 36707 multiletter control sequences out of 15000+600000
 655326 words of font info for 69 fonts, out of 8000000 for 9000
 1141 hyphenation exceptions out of 8191
 67i,8n,77p,588b,498s stack positions out of 10000i,1000n,20000p,200000b,200000s
<C:/Users/Jackson/AppData/Local/Programs/MiKTeX/fonts/type1/public/amsfonts/cm/cmbx10.pfb><C:/Users/Jackson/AppData/Local/Programs/MiKTeX/fonts/type1/public/amsfonts/cm/cmbx7.pfb><C:/Users/Jackson/AppData/Local/Programs/MiKTeX/fonts/type1/public/amsfonts/cm/cmex10.pfb><C:/Users/Jackson/AppData/Local/Programs/MiKTeX/fonts/type1/public/amsfonts/cm/cmmi10.pfb><C:/Users/Jackson/AppData/Local/Programs/MiKTeX/fonts/type1/public/amsfonts/cm/cmmi7.pfb><C:/Users/Jackson/AppData/Local/Programs/MiKTeX/fonts/type1/public/amsfonts/cm/cmr10.pfb><C:/Users/Jackson/AppData/Local/Programs/MiKTeX/fonts/type1/public/amsfonts/cm/cmr7.pfb><C:/Users/Jackson/AppData/Local/Programs/MiKTeX/fonts/type1/public/amsfonts/cm/cmsy10.pfb><C:/Users/Jackson/AppData/Local/Programs/MiKTeX/fonts/type1/public/amsfonts/symbols/msbm10.pfb><C:/Users/Jackson/AppData/Local/Programs/MiKTeX/fonts/type1/urw/helvetic/uhvb8a.pfb><C:/Users/Jackson/AppData/Local/Programs/MiKTeX/fonts/type1/urw/helvetic/uhvr8a.pfb>
Output written on report.pdf (7 pages, 602591 bytes).
PDF statistics:
 141 PDF objects out of 1000 (max. 8388607)
 0 named destinations out of 1000 (max. 500000)
 296 words of extra memory for PDF output out of 10000 (max. 10000000)

